c:\users\user\desktop\project2\project2\x64\debug\vc143.pdb
c:\users\user\desktop\project2\project2\x64\debug\.netframework,version=v4.8.1.assemblyattributes.obj
c:\users\user\desktop\project2\project2\x64\debug\source.obj
c:\users\user\desktop\project2\project2\x64\debug\myform2.obj
c:\users\user\desktop\project2\project2\x64\debug\myform1.obj
c:\users\user\desktop\project2\project2\x64\debug\myform.obj
c:\users\user\desktop\project2\x64\debug\project2.exe
c:\users\user\desktop\project2\project2\x64\debug\project2.vcxproj.assemblyreference.cache
c:\users\user\desktop\project2\project2\x64\debug\project2.vcxproj.generateresource.cache
c:\users\user\desktop\project2\project2\x64\debug\project2.myform.resources
c:\users\user\desktop\project2\project2\x64\debug\project2.myform1.resources
c:\users\user\desktop\project2\project2\x64\debug\project2.myform2.resources
c:\users\user\desktop\project2\x64\debug\project2.pdb
c:\users\user\desktop\project2\project2\x64\debug\project2.tlog\cl.command.1.tlog
c:\users\user\desktop\project2\project2\x64\debug\project2.tlog\cl.read.1.tlog
c:\users\user\desktop\project2\project2\x64\debug\project2.tlog\cl.write.1.tlog
c:\users\user\desktop\project2\project2\x64\debug\project2.tlog\link.20588-cvtres.read.1.tlog
c:\users\user\desktop\project2\project2\x64\debug\project2.tlog\link.20588-cvtres.write.1.tlog
c:\users\user\desktop\project2\project2\x64\debug\project2.tlog\link.20588-rc.read.1.tlog
c:\users\user\desktop\project2\project2\x64\debug\project2.tlog\link.20588-rc.write.1.tlog
c:\users\user\desktop\project2\project2\x64\debug\project2.tlog\link.20588.read.1.tlog
c:\users\user\desktop\project2\project2\x64\debug\project2.tlog\link.20588.read.3.tlog
c:\users\user\desktop\project2\project2\x64\debug\project2.tlog\link.20588.write.1.tlog
c:\users\user\desktop\project2\project2\x64\debug\project2.tlog\link.command.1.tlog
c:\users\user\desktop\project2\project2\x64\debug\project2.tlog\link.read.1.tlog
c:\users\user\desktop\project2\project2\x64\debug\project2.tlog\link.read.3.tlog
c:\users\user\desktop\project2\project2\x64\debug\project2.tlog\link.write.1.tlog
c:\users\user\desktop\project2\project2\x64\debug\project2.tlog\metagen.read.1.tlog
c:\users\user\desktop\project2\project2\x64\debug\project2.tlog\metagen.write.1.tlog
c:\users\user\desktop\project2\project2\x64\debug\project2.tlog\resgen.command.1.tlog
c:\users\user\desktop\project2\project2\x64\debug\project2.tlog\resgen.read.1.tlog
c:\users\user\desktop\project2\project2\x64\debug\project2.tlog\resgen.write.1.tlog
